## Footprint report - date 2025-04-10T18:51:16-0400
## Created by KiCad version 8.0.5
## Unit = mm, Angle = deg.

$BeginDESCRIPTION

$BOARD
upper_left_corner 79.500000 87.300000
lower_right_corner 215.500000 164.500000
$EndBOARD

$MODULE H1
footprint MountingHole:MountingHole_3.2mm_M3_DIN965_Pad_TopBottom
attribut virtual
position 108.325000 107.750000  orientation 0.00
layer front
$PAD "1"
Shape Circle Layer both
position  0.000000  0.000000  size  3.600000  3.600000  orientation 0.00
drill  3.200000
shape_offset  0.000000  0.000000
$EndPAD
$PAD "1"
Shape Circle Layer front
position  0.000000  0.000000  size  5.600000  5.600000  orientation 0.00
drill  0.000000
shape_offset  0.000000  0.000000
$EndPAD
$PAD "1"
Shape Circle Layer back
position  0.000000  0.000000  size  5.600000  5.600000  orientation 0.00
drill  0.000000
shape_offset  0.000000  0.000000
$EndPAD
$EndMODULE  H1

$MODULE H2
footprint MountingHole:MountingHole_3.2mm_M3_DIN965_Pad_TopBottom
attribut virtual
position 183.150000 107.925000  orientation 0.00
layer front
$PAD "1"
Shape Circle Layer both
position  0.000000  0.000000  size  3.600000  3.600000  orientation 0.00
drill  3.200000
shape_offset  0.000000  0.000000
$EndPAD
$PAD "1"
Shape Circle Layer front
position  0.000000  0.000000  size  5.600000  5.600000  orientation 0.00
drill  0.000000
shape_offset  0.000000  0.000000
$EndPAD
$PAD "1"
Shape Circle Layer back
position  0.000000  0.000000  size  5.600000  5.600000  orientation 0.00
drill  0.000000
shape_offset  0.000000  0.000000
$EndPAD
$EndMODULE  H2

$MODULE H3
footprint MountingHole:MountingHole_3.2mm_M3_DIN965_Pad_TopBottom
attribut virtual
position 93.250000 154.500000  orientation 0.00
layer front
$PAD "1"
Shape Circle Layer both
position  0.000000  0.000000  size  3.600000  3.600000  orientation 0.00
drill  3.200000
shape_offset  0.000000  0.000000
$EndPAD
$PAD "1"
Shape Circle Layer front
position  0.000000  0.000000  size  5.600000  5.600000  orientation 0.00
drill  0.000000
shape_offset  0.000000  0.000000
$EndPAD
$PAD "1"
Shape Circle Layer back
position  0.000000  0.000000  size  5.600000  5.600000  orientation 0.00
drill  0.000000
shape_offset  0.000000  0.000000
$EndPAD
$EndMODULE  H3

$MODULE H4
footprint MountingHole:MountingHole_3.2mm_M3_DIN965_Pad_TopBottom
attribut virtual
position 200.750000 154.500000  orientation 0.00
layer front
$PAD "1"
Shape Circle Layer both
position  0.000000  0.000000  size  3.600000  3.600000  orientation 0.00
drill  3.200000
shape_offset  0.000000  0.000000
$EndPAD
$PAD "1"
Shape Circle Layer front
position  0.000000  0.000000  size  5.600000  5.600000  orientation 0.00
drill  0.000000
shape_offset  0.000000  0.000000
$EndPAD
$PAD "1"
Shape Circle Layer back
position  0.000000  0.000000  size  5.600000  5.600000  orientation 0.00
drill  0.000000
shape_offset  0.000000  0.000000
$EndPAD
$EndMODULE  H4

$MODULE J1
footprint Connector_PinHeader_2.54mm:PinHeader_1x01_D2.54mm_Vertical_PogoPin
attribut none
position 97.750000 126.500000  orientation 0.00
layer front
$PAD "1"
Shape Circle Layer both
position  0.000000  0.000000  size  3.250000  3.250000  orientation 0.00
drill  2.490000
shape_offset  0.000000  0.000000
$EndPAD
$EndMODULE  J1

$MODULE J2
footprint Connector_PinHeader_2.54mm:PinHeader_1x01_D2.54mm_Vertical_PogoPin
attribut none
position 97.750000 135.500000  orientation 0.00
layer front
$PAD "1"
Shape Circle Layer both
position  0.000000  0.000000  size  3.250000  3.250000  orientation 0.00
drill  2.490000
shape_offset  0.000000  0.000000
$EndPAD
$EndMODULE  J2

$MODULE J3
footprint Connector_PinHeader_2.54mm:PinHeader_1x01_D2.54mm_Vertical_PogoPin
attribut none
position 97.750000 144.500000  orientation 0.00
layer front
$PAD "1"
Shape Circle Layer both
position  0.000000  0.000000  size  3.250000  3.250000  orientation 0.00
drill  2.490000
shape_offset  0.000000  0.000000
$EndPAD
$EndMODULE  J3

$MODULE J4
footprint Connector_PinHeader_2.54mm:PinHeader_1x01_D2.54mm_Vertical_PogoPin
attribut none
position 99.000000 154.000000  orientation 0.00
layer front
$PAD "1"
Shape Circle Layer both
position  0.000000  0.000000  size  3.250000  3.250000  orientation 0.00
drill  2.490000
shape_offset  0.000000  0.000000
$EndPAD
$EndMODULE  J4

$MODULE J5
footprint Connector_PinHeader_2.54mm:PinHeader_1x01_D2.54mm_Vertical_PogoPin
attribut none
position 123.750000 119.500000  orientation 0.00
layer front
$PAD "1"
Shape Circle Layer both
position  0.000000  0.000000  size  3.250000  3.250000  orientation 0.00
drill  2.490000
shape_offset  0.000000  0.000000
$EndPAD
$EndMODULE  J5

$MODULE J6
footprint Connector_PinHeader_2.54mm:PinHeader_1x01_D2.54mm_Vertical_PogoPin
attribut none
position 124.250000 129.500000  orientation 0.00
layer front
$PAD "1"
Shape Circle Layer both
position  0.000000  0.000000  size  3.250000  3.250000  orientation 0.00
drill  2.490000
shape_offset  0.000000  0.000000
$EndPAD
$EndMODULE  J6

$MODULE J7
footprint Connector_PinHeader_2.54mm:PinHeader_1x01_D2.54mm_Vertical_PogoPin
attribut none
position 124.250000 138.500000  orientation 0.00
layer front
$PAD "1"
Shape Circle Layer both
position  0.000000  0.000000  size  3.250000  3.250000  orientation 0.00
drill  2.490000
shape_offset  0.000000  0.000000
$EndPAD
$EndMODULE  J7

$MODULE J8
footprint Connector_PinHeader_2.54mm:PinHeader_1x01_D2.54mm_Vertical_PogoPin
attribut none
position 124.250000 147.500000  orientation 0.00
layer front
$PAD "1"
Shape Circle Layer both
position  0.000000  0.000000  size  3.250000  3.250000  orientation 0.00
drill  2.490000
shape_offset  0.000000  0.000000
$EndPAD
$EndMODULE  J8

$MODULE J9
footprint Connector_PinHeader_2.54mm:PinHeader_1x01_D2.54mm_Vertical_PogoPin
attribut none
position 135.250000 126.500000  orientation 0.00
layer front
$PAD "1"
Shape Circle Layer both
position  0.000000  0.000000  size  3.250000  3.250000  orientation 0.00
drill  2.490000
shape_offset  0.000000  0.000000
$EndPAD
$EndMODULE  J9

$MODULE J10
footprint Connector_PinHeader_2.54mm:PinHeader_1x01_D2.54mm_Vertical_PogoPin
attribut none
position 135.250000 135.500000  orientation 0.00
layer front
$PAD "1"
Shape Circle Layer both
position  0.000000  0.000000  size  3.250000  3.250000  orientation 0.00
drill  2.490000
shape_offset  0.000000  0.000000
$EndPAD
$EndMODULE  J10

$MODULE J11
footprint Connector_PinHeader_2.54mm:PinHeader_1x01_D2.54mm_Vertical_PogoPin
attribut none
position 135.250000 144.500000  orientation 0.00
layer front
$PAD "1"
Shape Circle Layer both
position  0.000000  0.000000  size  3.250000  3.250000  orientation 0.00
drill  2.490000
shape_offset  0.000000  0.000000
$EndPAD
$EndMODULE  J11

$MODULE J12
footprint Connector_PinHeader_2.54mm:PinHeader_1x01_D2.54mm_Vertical_PogoPin
attribut none
position 136.500000 154.000000  orientation 0.00
layer front
$PAD "1"
Shape Circle Layer both
position  0.000000  0.000000  size  3.250000  3.250000  orientation 0.00
drill  2.490000
shape_offset  0.000000  0.000000
$EndPAD
$EndMODULE  J12

$MODULE J13
footprint Connector_PinHeader_2.54mm:PinHeader_1x01_D2.54mm_Vertical_PogoPin
attribut none
position 161.250000 119.500000  orientation 0.00
layer front
$PAD "1"
Shape Circle Layer both
position  0.000000  0.000000  size  3.250000  3.250000  orientation 0.00
drill  2.490000
shape_offset  0.000000  0.000000
$EndPAD
$EndMODULE  J13

$MODULE J14
footprint Connector_PinHeader_2.54mm:PinHeader_1x01_D2.54mm_Vertical_PogoPin
attribut none
position 161.750000 129.500000  orientation 0.00
layer front
$PAD "1"
Shape Circle Layer both
position  0.000000  0.000000  size  3.250000  3.250000  orientation 0.00
drill  2.490000
shape_offset  0.000000  0.000000
$EndPAD
$EndMODULE  J14

$MODULE J15
footprint Connector_PinHeader_2.54mm:PinHeader_1x01_D2.54mm_Vertical_PogoPin
attribut none
position 161.750000 138.500000  orientation 0.00
layer front
$PAD "1"
Shape Circle Layer both
position  0.000000  0.000000  size  3.250000  3.250000  orientation 0.00
drill  2.490000
shape_offset  0.000000  0.000000
$EndPAD
$EndMODULE  J15

$MODULE J16
footprint Connector_PinHeader_2.54mm:PinHeader_1x01_D2.54mm_Vertical_PogoPin
attribut none
position 161.750000 147.000000  orientation 0.00
layer front
$PAD "1"
Shape Circle Layer both
position  0.000000  0.000000  size  3.250000  3.250000  orientation 0.00
drill  2.490000
shape_offset  0.000000  0.000000
$EndPAD
$EndMODULE  J16

$MODULE J17
footprint Connector_PinHeader_2.54mm:PinHeader_1x01_D2.54mm_Vertical_PogoPin
attribut none
position 172.750000 126.500000  orientation 0.00
layer front
$PAD "1"
Shape Circle Layer both
position  0.000000  0.000000  size  3.250000  3.250000  orientation 0.00
drill  2.490000
shape_offset  0.000000  0.000000
$EndPAD
$EndMODULE  J17

$MODULE J18
footprint Connector_PinHeader_2.54mm:PinHeader_1x01_D2.54mm_Vertical_PogoPin
attribut none
position 172.750000 135.500000  orientation 0.00
layer front
$PAD "1"
Shape Circle Layer both
position  0.000000  0.000000  size  3.250000  3.250000  orientation 0.00
drill  2.490000
shape_offset  0.000000  0.000000
$EndPAD
$EndMODULE  J18

$MODULE J19
footprint Connector_PinHeader_2.54mm:PinHeader_1x01_D2.54mm_Vertical_PogoPin
attribut none
position 172.750000 144.500000  orientation 0.00
layer front
$PAD "1"
Shape Circle Layer both
position  0.000000  0.000000  size  3.250000  3.250000  orientation 0.00
drill  2.490000
shape_offset  0.000000  0.000000
$EndPAD
$EndMODULE  J19

$MODULE J20
footprint Connector_PinHeader_2.54mm:PinHeader_1x01_D2.54mm_Vertical_PogoPin
attribut none
position 174.000000 154.000000  orientation 0.00
layer front
$PAD "1"
Shape Circle Layer both
position  0.000000  0.000000  size  3.250000  3.250000  orientation 0.00
drill  2.490000
shape_offset  0.000000  0.000000
$EndPAD
$EndMODULE  J20

$MODULE J21
footprint Connector_PinHeader_2.54mm:PinHeader_1x01_D2.54mm_Vertical_PogoPin
attribut none
position 198.500000 119.500000  orientation 0.00
layer front
$PAD "1"
Shape Circle Layer both
position  0.000000  0.000000  size  3.250000  3.250000  orientation 0.00
drill  2.490000
shape_offset  0.000000  0.000000
$EndPAD
$EndMODULE  J21

$MODULE J22
footprint Connector_PinHeader_2.54mm:PinHeader_1x01_D2.54mm_Vertical_PogoPin
attribut none
position 199.500000 129.500000  orientation 0.00
layer front
$PAD "1"
Shape Circle Layer both
position  0.000000  0.000000  size  3.250000  3.250000  orientation 0.00
drill  2.490000
shape_offset  0.000000  0.000000
$EndPAD
$EndMODULE  J22

$MODULE J23
footprint Connector_PinHeader_2.54mm:PinHeader_1x01_D2.54mm_Vertical_PogoPin
attribut none
position 199.500000 138.500000  orientation 0.00
layer front
$PAD "1"
Shape Circle Layer both
position  0.000000  0.000000  size  3.250000  3.250000  orientation 0.00
drill  2.490000
shape_offset  0.000000  0.000000
$EndPAD
$EndMODULE  J23

$MODULE J24
footprint Connector_PinHeader_2.54mm:PinHeader_1x01_D2.54mm_Vertical_PogoPin
attribut none
position 199.500000 147.500000  orientation 0.00
layer front
$PAD "1"
Shape Circle Layer both
position  0.000000  0.000000  size  3.250000  3.250000  orientation 0.00
drill  2.490000
shape_offset  0.000000  0.000000
$EndPAD
$EndMODULE  J24

$MODULE J25
footprint Connector_PinSocket_2.54mm:PinSocket_1x04_P2.54mm_Horizontal
attribut none
position 99.025000 112.000000  orientation -90.00
layer front
$PAD "1"
Shape Rect Layer both
position  0.000000  0.000000  size  1.700000  1.700000  orientation 360.00
drill  1.000000
shape_offset  0.000000  0.000000
$EndPAD
$PAD "2"
Shape Oval Layer both
position  0.000000  2.540000  size  1.700000  1.700000  orientation 360.00
drill  1.000000
shape_offset  0.000000  0.000000
$EndPAD
$PAD "3"
Shape Oval Layer both
position  0.000000  5.080000  size  1.700000  1.700000  orientation 360.00
drill  1.000000
shape_offset  0.000000  0.000000
$EndPAD
$PAD "4"
Shape Oval Layer both
position  0.000000  7.620000  size  1.700000  1.700000  orientation 360.00
drill  1.000000
shape_offset  0.000000  0.000000
$EndPAD
$EndMODULE  J25

$MODULE J26
footprint Connector_PinSocket_2.54mm:PinSocket_1x04_P2.54mm_Horizontal
attribut none
position 124.700000 112.000000  orientation -90.00
layer front
$PAD "1"
Shape Rect Layer both
position  0.000000  0.000000  size  1.700000  1.700000  orientation 360.00
drill  1.000000
shape_offset  0.000000  0.000000
$EndPAD
$PAD "2"
Shape Oval Layer both
position  0.000000  2.540000  size  1.700000  1.700000  orientation 360.00
drill  1.000000
shape_offset  0.000000  0.000000
$EndPAD
$PAD "3"
Shape Oval Layer both
position  0.000000  5.080000  size  1.700000  1.700000  orientation 360.00
drill  1.000000
shape_offset  0.000000  0.000000
$EndPAD
$PAD "4"
Shape Oval Layer both
position  0.000000  7.620000  size  1.700000  1.700000  orientation 360.00
drill  1.000000
shape_offset  0.000000  0.000000
$EndPAD
$EndMODULE  J26

$MODULE J27
footprint Connector_PinSocket_2.54mm:PinSocket_1x04_P2.54mm_Horizontal
attribut none
position 136.525000 112.000000  orientation -90.00
layer front
$PAD "1"
Shape Rect Layer both
position  0.000000  0.000000  size  1.700000  1.700000  orientation 360.00
drill  1.000000
shape_offset  0.000000  0.000000
$EndPAD
$PAD "2"
Shape Oval Layer both
position  0.000000  2.540000  size  1.700000  1.700000  orientation 360.00
drill  1.000000
shape_offset  0.000000  0.000000
$EndPAD
$PAD "3"
Shape Oval Layer both
position  0.000000  5.080000  size  1.700000  1.700000  orientation 360.00
drill  1.000000
shape_offset  0.000000  0.000000
$EndPAD
$PAD "4"
Shape Oval Layer both
position  0.000000  7.620000  size  1.700000  1.700000  orientation 360.00
drill  1.000000
shape_offset  0.000000  0.000000
$EndPAD
$EndMODULE  J27

$MODULE J28
footprint Connector_PinSocket_2.54mm:PinSocket_1x04_P2.54mm_Horizontal
attribut none
position 162.250000 112.000000  orientation -90.00
layer front
$PAD "1"
Shape Rect Layer both
position  0.000000  0.000000  size  1.700000  1.700000  orientation 360.00
drill  1.000000
shape_offset  0.000000  0.000000
$EndPAD
$PAD "2"
Shape Oval Layer both
position  0.000000  2.540000  size  1.700000  1.700000  orientation 360.00
drill  1.000000
shape_offset  0.000000  0.000000
$EndPAD
$PAD "3"
Shape Oval Layer both
position  0.000000  5.080000  size  1.700000  1.700000  orientation 360.00
drill  1.000000
shape_offset  0.000000  0.000000
$EndPAD
$PAD "4"
Shape Oval Layer both
position  0.000000  7.620000  size  1.700000  1.700000  orientation 360.00
drill  1.000000
shape_offset  0.000000  0.000000
$EndPAD
$EndMODULE  J28

$MODULE J29
footprint Connector_PinSocket_2.54mm:PinSocket_1x04_P2.54mm_Horizontal
attribut none
position 174.000000 112.000000  orientation -90.00
layer front
$PAD "1"
Shape Rect Layer both
position  0.000000  0.000000  size  1.700000  1.700000  orientation 360.00
drill  1.000000
shape_offset  0.000000  0.000000
$EndPAD
$PAD "2"
Shape Oval Layer both
position  0.000000  2.540000  size  1.700000  1.700000  orientation 360.00
drill  1.000000
shape_offset  0.000000  0.000000
$EndPAD
$PAD "3"
Shape Oval Layer both
position  0.000000  5.080000  size  1.700000  1.700000  orientation 360.00
drill  1.000000
shape_offset  0.000000  0.000000
$EndPAD
$PAD "4"
Shape Oval Layer both
position  0.000000  7.620000  size  1.700000  1.700000  orientation 360.00
drill  1.000000
shape_offset  0.000000  0.000000
$EndPAD
$EndMODULE  J29

$MODULE J30
footprint Connector_PinSocket_2.54mm:PinSocket_1x04_P2.54mm_Horizontal
attribut none
position 199.825000 111.950000  orientation -90.00
layer front
$PAD "1"
Shape Rect Layer both
position  0.000000  0.000000  size  1.700000  1.700000  orientation 360.00
drill  1.000000
shape_offset  0.000000  0.000000
$EndPAD
$PAD "2"
Shape Oval Layer both
position  0.000000  2.540000  size  1.700000  1.700000  orientation 360.00
drill  1.000000
shape_offset  0.000000  0.000000
$EndPAD
$PAD "3"
Shape Oval Layer both
position  0.000000  5.080000  size  1.700000  1.700000  orientation 360.00
drill  1.000000
shape_offset  0.000000  0.000000
$EndPAD
$PAD "4"
Shape Oval Layer both
position  0.000000  7.620000  size  1.700000  1.700000  orientation 360.00
drill  1.000000
shape_offset  0.000000  0.000000
$EndPAD
$EndMODULE  J30

$EndDESCRIPTION
